d:\github\directx\dxstart1\client\x64\debug\client.pch
d:\github\directx\dxstart1\client\x64\debug\vc143.pdb
d:\github\directx\dxstart1\client\x64\debug\vc143.idb
d:\github\directx\dxstart1\client\x64\debug\pch.obj
d:\github\directx\dxstart1\client\x64\debug\client.obj
d:\github\directx\dxstart1\x64\debug\client.exe
d:\github\directx\dxstart1\x64\debug\client.pdb
d:\github\directx\dxstart1\client\x64\debug\client.res
d:\github\directx\dxstart1\client\x64\debug\client.ilk
d:\github\directx\dxstart1\client\x64\debug\client.tlog\cl.command.1.tlog
d:\github\directx\dxstart1\client\x64\debug\client.tlog\cl.items.tlog
d:\github\directx\dxstart1\client\x64\debug\client.tlog\cl.read.1.tlog
d:\github\directx\dxstart1\client\x64\debug\client.tlog\cl.write.1.tlog
d:\github\directx\dxstart1\client\x64\debug\client.tlog\link.command.1.tlog
d:\github\directx\dxstart1\client\x64\debug\client.tlog\link.read.1.tlog
d:\github\directx\dxstart1\client\x64\debug\client.tlog\link.secondary.1.tlog
d:\github\directx\dxstart1\client\x64\debug\client.tlog\link.write.1.tlog
d:\github\directx\dxstart1\client\x64\debug\client.tlog\rc.command.1.tlog
d:\github\directx\dxstart1\client\x64\debug\client.tlog\rc.read.1.tlog
d:\github\directx\dxstart1\client\x64\debug\client.tlog\rc.write.1.tlog
